<testsuite failures="2"
           name="src/test/java/examples/activity001/google_search.feature"
           skipped="0"
           tests="2"
           time="124.618077">
   <testcase classname="src.test.java.examples.activity001.google_search"
             name="Using Karate Search"
             time="65.423066">
      <failure message="google_search.feature:22 - driver config / start failed: &#xA;org.apache.http.conn.HttpHostConnectException: Connect to localhost:9515 [localhost/127.0.0.1, localhost/0:0:0:0:0:0:0:1] failed: Connection refused: connect, options: {type=chromedriver, executable=C:/Program Files/Google/Chrome/Application/chrome.exe, target=null}">Given configure driver = {type:'chromedriver', executable: 'C:/Program Files/Google/Chrome/Application/chrome.exe'} . passed
And driver 'https://www.google.com/' ...................................... failed

Stack Trace:
com.intuit.karate.exception.KarateException: google_search.feature:22 - driver config / start failed: 
org.apache.http.conn.HttpHostConnectException: Connect to localhost:9515 [localhost/127.0.0.1, localhost/0:0:0:0:0:0:0:1] failed: Connection refused: connect, options: {type=chromedriver, executable=C:/Program Files/Google/Chrome/Application/chrome.exe, target=null}&#xD;
	at ✽.And driver 'https://www.google.com/' (google_search.feature:22)&#xD;

And input('input[name=q]', 'karate dsl') .................................. skipped
When click('input[name=btn2]') ............................................ skipped
Then waitForUrl('https://github.com/intuit/karate') ....................... skipped</failure>
   </testcase>
   <testcase classname="src.test.java.examples.activity001.google_search"
             name="Using Facebook Search"
             time="59.195011">
      <failure message="google_search.feature:22 - driver config / start failed: &#xA;org.apache.http.conn.HttpHostConnectException: Connect to localhost:6656 [localhost/127.0.0.1, localhost/0:0:0:0:0:0:0:1] failed: Connection refused: connect, options: {type=chromedriver, executable=C:/Program Files/Google/Chrome/Application/chrome.exe, target=null}">Given configure driver = {type:'chromedriver', executable: 'C:/Program Files/Google/Chrome/Application/chrome.exe'} . passed
And driver 'https://www.google.com/' ...................................... failed

Stack Trace:
com.intuit.karate.exception.KarateException: google_search.feature:22 - driver config / start failed: 
org.apache.http.conn.HttpHostConnectException: Connect to localhost:9515 [localhost/127.0.0.1, localhost/0:0:0:0:0:0:0:1] failed: Connection refused: connect, options: {type=chromedriver, executable=C:/Program Files/Google/Chrome/Application/chrome.exe, target=null}&#xD;
	at ✽.And driver 'https://www.google.com/' (google_search.feature:22)&#xD;

And input('input[name=q]', 'karate dsl') .................................. skipped
When click('input[name=btn2]') ............................................ skipped
Then waitForUrl('https://github.com/intuit/karate') ....................... skipped
Given configure driver = {type:'chromedriver', executable: 'C:/Program Files/Google/Chrome/Application/chrome.exe'} . passed
And driver 'https://www.google.com/' ...................................... failed

Stack Trace:
com.intuit.karate.exception.KarateException: google_search.feature:22 - driver config / start failed: 
org.apache.http.conn.HttpHostConnectException: Connect to localhost:6656 [localhost/127.0.0.1, localhost/0:0:0:0:0:0:0:1] failed: Connection refused: connect, options: {type=chromedriver, executable=C:/Program Files/Google/Chrome/Application/chrome.exe, target=null}&#xD;
	at ✽.And driver 'https://www.google.com/' (google_search.feature:22)&#xD;

And input('input[name=q]', 'fb') .......................................... skipped
When click('input[name=btn2]') ............................................ skipped
Then waitForUrl('https://www.facebook.com/') .............................. skipped</failure>
   </testcase>
</testsuite>
